[0.004s] Invoking command in '/home/mrl-pc3/CMNS_ws/build/test_pkg': DEBUGINFOD_URLS=https://debuginfod.ubuntu.com /usr/bin/cmake --build /home/mrl-pc3/CMNS_ws/build/test_pkg -- -j12 -l12
[0.018s] -- Found ament_cmake: 2.7.3 (/opt/ros/kilted/share/ament_cmake/cmake)
[2.147s] Traceback (most recent call last):
[2.147s]   File "/opt/ros/kilted/share/ament_cmake_core/cmake/package_templates/templates_2_cmake.py", line 21, in <module>
[2.147s]     from ament_package.templates import get_environment_hook_template_path
[2.147s] ModuleNotFoundError: No module named 'ament_package'
[2.147s] Error in sys.excepthook:
[2.147s] Traceback (most recent call last):
[2.148s]   File "/usr/lib/python3/dist-packages/apport_python_hook.py", line 228, in partial_apport_excepthook
[2.148s]     return apport_excepthook(binary, exc_type, exc_obj, exc_tb)
[2.148s]            ^^^^^^^^^^^^^^^^^^^^^^^^^^^^^^^^^^^^^^^^^^^^^^^^^^^^
[2.148s]   File "/usr/lib/python3/dist-packages/apport_python_hook.py", line 144, in apport_excepthook
[2.148s]     os.open(pr_filename, os.O_WRONLY | os.O_CREAT | os.O_EXCL, 0o640), "wb"
[2.148s]     ^^^^^^^^^^^^^^^^^^^^^^^^^^^^^^^^^^^^^^^^^^^^^^^^^^^^^^^^^^^^^^^^^
[2.148s] PermissionError: [Errno 13] Permission denied: '/var/crash/_opt_ros_kilted_share_ament_cmake_core_cmake_package_templates_templates_2_cmake.py.1000.crash'
[2.148s] 
[2.148s] Original exception was:
[2.148s] Traceback (most recent call last):
[2.148s]   File "/opt/ros/kilted/share/ament_cmake_core/cmake/package_templates/templates_2_cmake.py", line 21, in <module>
[2.148s]     from ament_package.templates import get_environment_hook_template_path
[2.148s] ModuleNotFoundError: No module named 'ament_package'
[2.168s] CMake Error at /opt/ros/kilted/share/ament_cmake_core/cmake/ament_cmake_package_templates-extras.cmake:41 (message):
[2.168s]   execute_process(/usr/bin/python3
[2.168s]   /opt/ros/kilted/share/ament_cmake_core/cmake/package_templates/templates_2_cmake.py
[2.168s]   /home/mrl-pc3/CMNS_ws/build/test_pkg/ament_cmake_package_templates/templates.cmake)
[2.168s]   returned error code 1
[2.168s] Call Stack (most recent call first):
[2.168s]   /opt/ros/kilted/share/ament_cmake_core/cmake/ament_cmake_coreConfig.cmake:41 (include)
[2.168s]   /opt/ros/kilted/share/ament_cmake/cmake/ament_cmake_export_dependencies-extras.cmake:15 (find_package)
[2.168s]   /opt/ros/kilted/share/ament_cmake/cmake/ament_cmakeConfig.cmake:41 (include)
[2.168s]   CMakeLists.txt:9 (find_package)
[2.168s] 
[2.168s] 
[2.168s] -- Configuring incomplete, errors occurred!
[2.170s] gmake: *** [Makefile:226: cmake_check_build_system] Error 1
[2.171s] Invoked command in '/home/mrl-pc3/CMNS_ws/build/test_pkg' returned '2': DEBUGINFOD_URLS=https://debuginfod.ubuntu.com /usr/bin/cmake --build /home/mrl-pc3/CMNS_ws/build/test_pkg -- -j12 -l12
